{"/home/gabriel/Desktop/projeto27/src/app.ts": {"path":"/home/gabriel/Desktop/projeto27/src/app.ts","statementMap":{"0":{"start":{"line":1,"column":0},"end":{"line":1,"column":49}},"1":{"start":{"line":2,"column":0},"end":{"line":2,"column":30}},"2":{"start":{"line":3,"column":0},"end":{"line":3,"column":61}},"3":{"start":{"line":4,"column":0},"end":{"line":4,"column":47}},"4":{"start":{"line":5,"column":0},"end":{"line":5,"column":40}},"5":{"start":{"line":6,"column":0},"end":{"line":6,"column":45}},"6":{"start":{"line":7,"column":0},"end":{"line":7,"column":69}},"7":{"start":{"line":9,"column":0},"end":{"line":9,"column":null}},"8":{"start":{"line":10,"column":12},"end":{"line":10,"column":21}},"9":{"start":{"line":11,"column":0},"end":{"line":11,"column":null}},"10":{"start":{"line":12,"column":0},"end":{"line":12,"column":69}},"11":{"start":{"line":12,"column":52},"end":{"line":12,"column":67}},"12":{"start":{"line":13,"column":0},"end":{"line":13,"column":null}},"13":{"start":{"line":14,"column":0},"end":{"line":14,"column":null}},"14":{"start":{"line":15,"column":0},"end":{"line":15,"column":null}},"15":{"start":{"line":16,"column":0},"end":{"line":16,"column":null}},"16":{"start":{"line":17,"column":0},"end":{"line":17,"column":null}}},"fnMap":{"0":{"name":"(anonymous_1)","decl":{"start":{"line":12,"column":19},"end":{"line":12,"column":20}},"loc":{"start":{"line":12,"column":52},"end":{"line":12,"column":67}}}},"branchMap":{},"s":{"0":3,"1":3,"2":3,"3":3,"4":3,"5":3,"6":3,"7":3,"8":3,"9":3,"10":3,"11":0,"12":3,"13":3,"14":3,"15":3,"16":3},"f":{"0":0},"b":{}}
,"/home/gabriel/Desktop/projeto27/src/config/db.ts": {"path":"/home/gabriel/Desktop/projeto27/src/config/db.ts","statementMap":{"0":{"start":{"line":1,"column":0},"end":{"line":1,"column":46}},"1":{"start":{"line":5,"column":2},"end":{"line":5,"column":30}},"2":{"start":{"line":4,"column":0},"end":{"line":4,"column":16}}},"fnMap":{"0":{"name":"connectDb","decl":{"start":{"line":4,"column":16},"end":{"line":4,"column":25}},"loc":{"start":{"line":4,"column":25},"end":{"line":6,"column":1}}}},"branchMap":{},"s":{"0":3,"1":3,"2":3},"f":{"0":3},"b":{}}
,"/home/gabriel/Desktop/projeto27/src/controllers/betsControllers.ts": {"path":"/home/gabriel/Desktop/projeto27/src/controllers/betsControllers.ts","statementMap":{"0":{"start":{"line":2,"column":0},"end":{"line":2,"column":50}},"1":{"start":{"line":6,"column":17},"end":{"line":6,"column":38}},"2":{"start":{"line":7,"column":4},"end":{"line":7,"column":null}},"3":{"start":{"line":8,"column":4},"end":{"line":8,"column":null}},"4":{"start":{"line":5,"column":0},"end":{"line":5,"column":22}}},"fnMap":{"0":{"name":"postBet","decl":{"start":{"line":5,"column":22},"end":{"line":5,"column":29}},"loc":{"start":{"line":5,"column":57},"end":{"line":10,"column":null}}}},"branchMap":{},"s":{"0":3,"1":5,"2":5,"3":1,"4":3},"f":{"0":5},"b":{}}
,"/home/gabriel/Desktop/projeto27/src/controllers/gamesControllers.ts": {"path":"/home/gabriel/Desktop/projeto27/src/controllers/gamesControllers.ts","statementMap":{"0":{"start":{"line":3,"column":0},"end":{"line":3,"column":52}},"1":{"start":{"line":4,"column":0},"end":{"line":4,"column":57}},"2":{"start":{"line":7,"column":17},"end":{"line":7,"column":39}},"3":{"start":{"line":8,"column":4},"end":{"line":8,"column":null}},"4":{"start":{"line":9,"column":4},"end":{"line":9,"column":null}},"5":{"start":{"line":6,"column":0},"end":{"line":6,"column":22}},"6":{"start":{"line":14,"column":18},"end":{"line":14,"column":47}},"7":{"start":{"line":15,"column":4},"end":{"line":15,"column":null}},"8":{"start":{"line":13,"column":0},"end":{"line":13,"column":22}},"9":{"start":{"line":19,"column":15},"end":{"line":19,"column":38}},"10":{"start":{"line":20,"column":4},"end":{"line":20,"column":null}},"11":{"start":{"line":20,"column":19},"end":{"line":20,"column":null}},"12":{"start":{"line":21,"column":17},"end":{"line":21,"column":52}},"13":{"start":{"line":22,"column":4},"end":{"line":22,"column":null}},"14":{"start":{"line":18,"column":0},"end":{"line":18,"column":22}},"15":{"start":{"line":26,"column":15},"end":{"line":26,"column":38}},"16":{"start":{"line":27,"column":17},"end":{"line":27,"column":39}},"17":{"start":{"line":28,"column":4},"end":{"line":28,"column":null}},"18":{"start":{"line":28,"column":19},"end":{"line":28,"column":null}},"19":{"start":{"line":29,"column":17},"end":{"line":29,"column":60}},"20":{"start":{"line":30,"column":4},"end":{"line":30,"column":null}},"21":{"start":{"line":25,"column":0},"end":{"line":25,"column":22}}},"fnMap":{"0":{"name":"PostGame","decl":{"start":{"line":6,"column":22},"end":{"line":6,"column":30}},"loc":{"start":{"line":6,"column":58},"end":{"line":11,"column":null}}},"1":{"name":"getGame","decl":{"start":{"line":13,"column":22},"end":{"line":13,"column":29}},"loc":{"start":{"line":13,"column":57},"end":{"line":16,"column":null}}},"2":{"name":"getGameById","decl":{"start":{"line":18,"column":22},"end":{"line":18,"column":33}},"loc":{"start":{"line":18,"column":61},"end":{"line":23,"column":null}}},"3":{"name":"postFinishGame","decl":{"start":{"line":25,"column":22},"end":{"line":25,"column":36}},"loc":{"start":{"line":25,"column":64},"end":{"line":31,"column":null}}}},"branchMap":{"0":{"loc":{"start":{"line":20,"column":4},"end":{"line":20,"column":null}},"type":"if","locations":[{"start":{"line":20,"column":4},"end":{"line":20,"column":null}}]},"1":{"loc":{"start":{"line":28,"column":4},"end":{"line":28,"column":null}},"type":"if","locations":[{"start":{"line":28,"column":4},"end":{"line":28,"column":null}}]}},"s":{"0":3,"1":3,"2":1,"3":1,"4":1,"5":3,"6":2,"7":1,"8":3,"9":3,"10":3,"11":1,"12":2,"13":1,"14":3,"15":0,"16":0,"17":0,"18":0,"19":0,"20":0,"21":3},"f":{"0":1,"1":2,"2":3,"3":0},"b":{"0":[1],"1":[0]}}
,"/home/gabriel/Desktop/projeto27/src/controllers/participantsControllers.ts": {"path":"/home/gabriel/Desktop/projeto27/src/controllers/participantsControllers.ts","statementMap":{"0":{"start":{"line":3,"column":0},"end":{"line":3,"column":65}},"1":{"start":{"line":6,"column":18},"end":{"line":6,"column":47}},"2":{"start":{"line":7,"column":4},"end":{"line":7,"column":null}},"3":{"start":{"line":7,"column":30},"end":{"line":7,"column":null}},"4":{"start":{"line":8,"column":4},"end":{"line":8,"column":null}},"5":{"start":{"line":9,"column":4},"end":{"line":9,"column":null}},"6":{"start":{"line":5,"column":0},"end":{"line":5,"column":22}},"7":{"start":{"line":15,"column":17},"end":{"line":15,"column":60}},"8":{"start":{"line":16,"column":4},"end":{"line":16,"column":null}},"9":{"start":{"line":13,"column":0},"end":{"line":13,"column":22}}},"fnMap":{"0":{"name":"postParticipants","decl":{"start":{"line":5,"column":22},"end":{"line":5,"column":38}},"loc":{"start":{"line":5,"column":66},"end":{"line":11,"column":null}}},"1":{"name":"getParticipants","decl":{"start":{"line":13,"column":22},"end":{"line":13,"column":37}},"loc":{"start":{"line":13,"column":65},"end":{"line":18,"column":null}}}},"branchMap":{"0":{"loc":{"start":{"line":7,"column":4},"end":{"line":7,"column":null}},"type":"if","locations":[{"start":{"line":7,"column":4},"end":{"line":7,"column":null}}]}},"s":{"0":3,"1":2,"2":2,"3":1,"4":1,"5":1,"6":3,"7":2,"8":1,"9":3},"f":{"0":2,"1":2},"b":{"0":[1]}}
,"/home/gabriel/Desktop/projeto27/src/middlewares/errorHandler.ts": {"path":"/home/gabriel/Desktop/projeto27/src/middlewares/errorHandler.ts","statementMap":{"0":{"start":{"line":4,"column":4},"end":{"line":4,"column":null}},"1":{"start":{"line":5,"column":4},"end":{"line":5,"column":null}},"2":{"start":{"line":5,"column":36},"end":{"line":5,"column":null}},"3":{"start":{"line":6,"column":4},"end":{"line":6,"column":null}},"4":{"start":{"line":3,"column":0},"end":{"line":3,"column":16}}},"fnMap":{"0":{"name":"handleApplicationErrors","decl":{"start":{"line":3,"column":16},"end":{"line":3,"column":39}},"loc":{"start":{"line":3,"column":81},"end":{"line":7,"column":1}}}},"branchMap":{"0":{"loc":{"start":{"line":5,"column":4},"end":{"line":5,"column":null}},"type":"if","locations":[{"start":{"line":5,"column":4},"end":{"line":5,"column":null}}]},"1":{"loc":{"start":{"line":5,"column":7},"end":{"line":5,"column":16}},"type":"cond-expr","locations":[{"start":{"line":5,"column":10},"end":{"line":5,"column":12}},{"start":{"line":5,"column":7},"end":{"line":5,"column":16}}]},"2":{"loc":{"start":{"line":5,"column":7},"end":{"line":5,"column":12}},"type":"binary-expr","locations":[{"start":{"line":5,"column":7},"end":{"line":5,"column":12}},{"start":{"line":5,"column":7},"end":{"line":5,"column":12}}]}},"s":{"0":8,"1":8,"2":8,"3":0,"4":3},"f":{"0":8},"b":{"0":[8],"1":[0,8],"2":[8,8]}}
,"/home/gabriel/Desktop/projeto27/src/middlewares/validateBody.ts": {"path":"/home/gabriel/Desktop/projeto27/src/middlewares/validateBody.ts","statementMap":{"0":{"start":{"line":4,"column":4},"end":{"line":10,"column":null}},"1":{"start":{"line":5,"column":24},"end":{"line":5,"column":69}},"2":{"start":{"line":6,"column":8},"end":{"line":8,"column":null}},"3":{"start":{"line":7,"column":12},"end":{"line":7,"column":null}},"4":{"start":{"line":9,"column":8},"end":{"line":9,"column":null}},"5":{"start":{"line":3,"column":0},"end":{"line":3,"column":16}}},"fnMap":{"0":{"name":"validateBody","decl":{"start":{"line":3,"column":16},"end":{"line":3,"column":28}},"loc":{"start":{"line":3,"column":49},"end":{"line":11,"column":1}}},"1":{"name":"(anonymous_1)","decl":{"start":{"line":4,"column":11},"end":{"line":4,"column":12}},"loc":{"start":{"line":4,"column":53},"end":{"line":10,"column":5}}}},"branchMap":{"0":{"loc":{"start":{"line":6,"column":8},"end":{"line":8,"column":null}},"type":"if","locations":[{"start":{"line":6,"column":8},"end":{"line":8,"column":null}}]}},"s":{"0":12,"1":10,"2":10,"3":2,"4":8,"5":3},"f":{"0":12,"1":10},"b":{"0":[2]}}
,"/home/gabriel/Desktop/projeto27/src/repositories/betsRepositories.ts": {"path":"/home/gabriel/Desktop/projeto27/src/repositories/betsRepositories.ts","statementMap":{"0":{"start":{"line":2,"column":0},"end":{"line":2,"column":38}},"1":{"start":{"line":3,"column":0},"end":{"line":3,"column":89}},"2":{"start":{"line":6,"column":4},"end":{"line":24,"column":null}},"3":{"start":{"line":6,"column":43},"end":{"line":24,"column":6}},"4":{"start":{"line":7,"column":28},"end":{"line":7,"column":93}},"5":{"start":{"line":8,"column":8},"end":{"line":8,"column":null}},"6":{"start":{"line":8,"column":25},"end":{"line":8,"column":null}},"7":{"start":{"line":9,"column":21},"end":{"line":9,"column":72}},"8":{"start":{"line":10,"column":8},"end":{"line":10,"column":null}},"9":{"start":{"line":10,"column":18},"end":{"line":10,"column":null}},"10":{"start":{"line":12,"column":8},"end":{"line":12,"column":null}},"11":{"start":{"line":12,"column":28},"end":{"line":12,"column":null}},"12":{"start":{"line":14,"column":8},"end":{"line":14,"column":null}},"13":{"start":{"line":14,"column":49},"end":{"line":14,"column":null}},"14":{"start":{"line":16,"column":8},"end":{"line":19,"column":null}},"15":{"start":{"line":21,"column":8},"end":{"line":23,"column":null}},"16":{"start":{"line":27,"column":25},"end":{"line":29,"column":null}},"17":{"start":{"line":31,"column":0},"end":{"line":31,"column":null}}},"fnMap":{"0":{"name":"postBet","decl":{"start":{"line":5,"column":9},"end":{"line":5,"column":16}},"loc":{"start":{"line":5,"column":32},"end":{"line":25,"column":1}}},"1":{"name":"(anonymous_8)","decl":{"start":{"line":6,"column":31},"end":{"line":6,"column":38}},"loc":{"start":{"line":6,"column":43},"end":{"line":24,"column":6}}},"2":{"name":"(anonymous_9)","decl":{"start":{"line":6,"column":43},"end":{"line":6,"column":null}},"loc":{"start":{"line":6,"column":43},"end":{"line":24,"column":5}}}},"branchMap":{"0":{"loc":{"start":{"line":8,"column":8},"end":{"line":8,"column":null}},"type":"if","locations":[{"start":{"line":8,"column":8},"end":{"line":8,"column":null}}]},"1":{"loc":{"start":{"line":10,"column":8},"end":{"line":10,"column":null}},"type":"if","locations":[{"start":{"line":10,"column":8},"end":{"line":10,"column":null}}]},"2":{"loc":{"start":{"line":12,"column":8},"end":{"line":12,"column":null}},"type":"if","locations":[{"start":{"line":12,"column":8},"end":{"line":12,"column":null}}]},"3":{"loc":{"start":{"line":14,"column":8},"end":{"line":14,"column":null}},"type":"if","locations":[{"start":{"line":14,"column":8},"end":{"line":14,"column":null}}]}},"s":{"0":3,"1":3,"2":5,"3":5,"4":5,"5":5,"6":1,"7":4,"8":4,"9":1,"10":3,"11":1,"12":2,"13":1,"14":1,"15":1,"16":3,"17":3},"f":{"0":5,"1":5,"2":5},"b":{"0":[1],"1":[1],"2":[1],"3":[1]}}
,"/home/gabriel/Desktop/projeto27/src/repositories/gamesRepositories.ts": {"path":"/home/gabriel/Desktop/projeto27/src/repositories/gamesRepositories.ts","statementMap":{"0":{"start":{"line":2,"column":0},"end":{"line":2,"column":38}},"1":{"start":{"line":6,"column":4},"end":{"line":8,"column":null}},"2":{"start":{"line":12,"column":4},"end":{"line":12,"column":null}},"3":{"start":{"line":16,"column":4},"end":{"line":19,"column":null}},"4":{"start":{"line":23,"column":19},"end":{"line":23,"column":21}},"5":{"start":{"line":24,"column":4},"end":{"line":31,"column":null}},"6":{"start":{"line":33,"column":4},"end":{"line":39,"column":null}},"7":{"start":{"line":41,"column":4},"end":{"line":49,"column":null}},"8":{"start":{"line":42,"column":8},"end":{"line":48,"column":null}},"9":{"start":{"line":51,"column":4},"end":{"line":51,"column":null}},"10":{"start":{"line":54,"column":26},"end":{"line":59,"column":null}},"11":{"start":{"line":61,"column":0},"end":{"line":61,"column":null}}},"fnMap":{"0":{"name":"postGames","decl":{"start":{"line":5,"column":9},"end":{"line":5,"column":18}},"loc":{"start":{"line":5,"column":35},"end":{"line":9,"column":1}}},"1":{"name":"getGames","decl":{"start":{"line":11,"column":9},"end":{"line":11,"column":17}},"loc":{"start":{"line":11,"column":17},"end":{"line":13,"column":1}}},"2":{"name":"getGamesById","decl":{"start":{"line":15,"column":9},"end":{"line":15,"column":21}},"loc":{"start":{"line":15,"column":32},"end":{"line":20,"column":1}}},"3":{"name":"postFinishGame","decl":{"start":{"line":22,"column":9},"end":{"line":22,"column":23}},"loc":{"start":{"line":22,"column":111},"end":{"line":52,"column":1}}},"4":{"name":"(anonymous_4)","decl":{"start":{"line":41,"column":24},"end":{"line":41,"column":25}},"loc":{"start":{"line":41,"column":31},"end":{"line":49,"column":5}}}},"branchMap":{},"s":{"0":3,"1":1,"2":2,"3":2,"4":0,"5":0,"6":0,"7":0,"8":0,"9":0,"10":3,"11":3},"f":{"0":1,"1":2,"2":2,"3":0,"4":0},"b":{}}
,"/home/gabriel/Desktop/projeto27/src/repositories/participantsRepositories.ts": {"path":"/home/gabriel/Desktop/projeto27/src/repositories/participantsRepositories.ts","statementMap":{"0":{"start":{"line":2,"column":0},"end":{"line":2,"column":38}},"1":{"start":{"line":5,"column":4},"end":{"line":7,"column":null}},"2":{"start":{"line":11,"column":4},"end":{"line":11,"column":null}},"3":{"start":{"line":14,"column":33},"end":{"line":17,"column":null}},"4":{"start":{"line":19,"column":0},"end":{"line":19,"column":null}}},"fnMap":{"0":{"name":"postParticipant","decl":{"start":{"line":4,"column":9},"end":{"line":4,"column":24}},"loc":{"start":{"line":4,"column":48},"end":{"line":8,"column":1}}},"1":{"name":"getParticipants","decl":{"start":{"line":10,"column":9},"end":{"line":10,"column":24}},"loc":{"start":{"line":10,"column":24},"end":{"line":12,"column":1}}}},"branchMap":{},"s":{"0":3,"1":1,"2":2,"3":3,"4":3},"f":{"0":1,"1":2},"b":{}}
,"/home/gabriel/Desktop/projeto27/src/routes/betsRoutes.ts": {"path":"/home/gabriel/Desktop/projeto27/src/routes/betsRoutes.ts","statementMap":{"0":{"start":{"line":1,"column":0},"end":{"line":1,"column":56}},"1":{"start":{"line":2,"column":0},"end":{"line":2,"column":30}},"2":{"start":{"line":3,"column":0},"end":{"line":3,"column":58}},"3":{"start":{"line":4,"column":0},"end":{"line":4,"column":48}},"4":{"start":{"line":6,"column":19},"end":{"line":6,"column":27}},"5":{"start":{"line":8,"column":0},"end":{"line":9,"column":null}},"6":{"start":{"line":11,"column":0},"end":{"line":11,"column":null}}},"fnMap":{},"branchMap":{},"s":{"0":3,"1":3,"2":3,"3":3,"4":3,"5":3,"6":3},"f":{},"b":{}}
,"/home/gabriel/Desktop/projeto27/src/routes/gamesRoutes.ts": {"path":"/home/gabriel/Desktop/projeto27/src/routes/gamesRoutes.ts","statementMap":{"0":{"start":{"line":1,"column":0},"end":{"line":1,"column":30}},"1":{"start":{"line":2,"column":0},"end":{"line":2,"column":96}},"2":{"start":{"line":3,"column":0},"end":{"line":3,"column":58}},"3":{"start":{"line":4,"column":0},"end":{"line":4,"column":69}},"4":{"start":{"line":7,"column":20},"end":{"line":7,"column":28}},"5":{"start":{"line":9,"column":0},"end":{"line":13,"column":null}},"6":{"start":{"line":15,"column":0},"end":{"line":15,"column":null}}},"fnMap":{},"branchMap":{},"s":{"0":3,"1":3,"2":3,"3":3,"4":3,"5":3,"6":3},"f":{},"b":{}}
,"/home/gabriel/Desktop/projeto27/src/routes/participantsRoutes.ts": {"path":"/home/gabriel/Desktop/projeto27/src/routes/participantsRoutes.ts","statementMap":{"0":{"start":{"line":1,"column":0},"end":{"line":1,"column":49}},"1":{"start":{"line":2,"column":0},"end":{"line":2,"column":87}},"2":{"start":{"line":3,"column":0},"end":{"line":3,"column":58}},"3":{"start":{"line":4,"column":0},"end":{"line":4,"column":65}},"4":{"start":{"line":6,"column":27},"end":{"line":6,"column":35}},"5":{"start":{"line":7,"column":0},"end":{"line":9,"column":null}},"6":{"start":{"line":10,"column":0},"end":{"line":10,"column":null}}},"fnMap":{},"branchMap":{},"s":{"0":3,"1":3,"2":3,"3":3,"4":3,"5":3,"6":3},"f":{},"b":{}}
,"/home/gabriel/Desktop/projeto27/src/schemas/BetSchema.ts": {"path":"/home/gabriel/Desktop/projeto27/src/schemas/BetSchema.ts","statementMap":{"0":{"start":{"line":1,"column":0},"end":{"line":1,"column":22}},"1":{"start":{"line":4,"column":13},"end":{"line":10,"column":null}}},"fnMap":{},"branchMap":{},"s":{"0":3,"1":3},"f":{},"b":{}}
,"/home/gabriel/Desktop/projeto27/src/schemas/ParticipantsSchema.ts": {"path":"/home/gabriel/Desktop/projeto27/src/schemas/ParticipantsSchema.ts","statementMap":{"0":{"start":{"line":1,"column":0},"end":{"line":1,"column":22}},"1":{"start":{"line":4,"column":13},"end":{"line":7,"column":null}}},"fnMap":{},"branchMap":{},"s":{"0":3,"1":3},"f":{},"b":{}}
,"/home/gabriel/Desktop/projeto27/src/schemas/gamesSchema.ts": {"path":"/home/gabriel/Desktop/projeto27/src/schemas/gamesSchema.ts","statementMap":{"0":{"start":{"line":1,"column":0},"end":{"line":1,"column":22}},"1":{"start":{"line":4,"column":13},"end":{"line":7,"column":null}},"2":{"start":{"line":9,"column":13},"end":{"line":12,"column":null}}},"fnMap":{},"branchMap":{},"s":{"0":3,"1":3,"2":3},"f":{},"b":{}}
,"/home/gabriel/Desktop/projeto27/src/services/betsService.ts": {"path":"/home/gabriel/Desktop/projeto27/src/services/betsService.ts","statementMap":{"0":{"start":{"line":2,"column":0},"end":{"line":2,"column":64}},"1":{"start":{"line":5,"column":4},"end":{"line":5,"column":null}},"2":{"start":{"line":8,"column":21},"end":{"line":10,"column":null}},"3":{"start":{"line":12,"column":0},"end":{"line":12,"column":null}}},"fnMap":{"0":{"name":"postBet","decl":{"start":{"line":4,"column":15},"end":{"line":4,"column":22}},"loc":{"start":{"line":4,"column":38},"end":{"line":6,"column":null}}}},"branchMap":{},"s":{"0":3,"1":5,"2":3,"3":3},"f":{"0":5},"b":{}}
,"/home/gabriel/Desktop/projeto27/src/services/gamesService.ts": {"path":"/home/gabriel/Desktop/projeto27/src/services/gamesService.ts","statementMap":{"0":{"start":{"line":1,"column":0},"end":{"line":1,"column":52}},"1":{"start":{"line":2,"column":0},"end":{"line":2,"column":66}},"2":{"start":{"line":4,"column":0},"end":{"line":4,"column":58}},"3":{"start":{"line":6,"column":12},"end":{"line":6,"column":15}},"4":{"start":{"line":9,"column":4},"end":{"line":9,"column":null}},"5":{"start":{"line":13,"column":18},"end":{"line":13,"column":52}},"6":{"start":{"line":14,"column":4},"end":{"line":14,"column":null}},"7":{"start":{"line":14,"column":27},"end":{"line":14,"column":null}},"8":{"start":{"line":15,"column":4},"end":{"line":15,"column":null}},"9":{"start":{"line":19,"column":18},"end":{"line":19,"column":58}},"10":{"start":{"line":20,"column":4},"end":{"line":20,"column":null}},"11":{"start":{"line":20,"column":14},"end":{"line":20,"column":null}},"12":{"start":{"line":21,"column":4},"end":{"line":21,"column":null}},"13":{"start":{"line":25,"column":17},"end":{"line":25,"column":38}},"14":{"start":{"line":27,"column":4},"end":{"line":27,"column":null}},"15":{"start":{"line":27,"column":14},"end":{"line":27,"column":null}},"16":{"start":{"line":28,"column":4},"end":{"line":28,"column":null}},"17":{"start":{"line":28,"column":24},"end":{"line":28,"column":null}},"18":{"start":{"line":29,"column":17},"end":{"line":29,"column":26}},"19":{"start":{"line":31,"column":22},"end":{"line":31,"column":23}},"20":{"start":{"line":32,"column":28},"end":{"line":32,"column":29}},"21":{"start":{"line":33,"column":28},"end":{"line":33,"column":30}},"22":{"start":{"line":35,"column":4},"end":{"line":42,"column":null}},"23":{"start":{"line":36,"column":8},"end":{"line":36,"column":37}},"24":{"start":{"line":37,"column":8},"end":{"line":41,"column":null}},"25":{"start":{"line":38,"column":12},"end":{"line":38,"column":null}},"26":{"start":{"line":40,"column":12},"end":{"line":40,"column":null}},"27":{"start":{"line":43,"column":18},"end":{"line":43,"column":57}},"28":{"start":{"line":45,"column":24},"end":{"line":45,"column":26}},"29":{"start":{"line":46,"column":4},"end":{"line":53,"column":null}},"30":{"start":{"line":47,"column":8},"end":{"line":52,"column":null}},"31":{"start":{"line":48,"column":12},"end":{"line":51,"column":null}},"32":{"start":{"line":55,"column":4},"end":{"line":55,"column":null}},"33":{"start":{"line":58,"column":22},"end":{"line":63,"column":null}},"34":{"start":{"line":65,"column":0},"end":{"line":65,"column":null}}},"fnMap":{"0":{"name":"PostGame","decl":{"start":{"line":8,"column":15},"end":{"line":8,"column":23}},"loc":{"start":{"line":8,"column":40},"end":{"line":10,"column":null}}},"1":{"name":"getGame","decl":{"start":{"line":12,"column":15},"end":{"line":12,"column":22}},"loc":{"start":{"line":12,"column":22},"end":{"line":16,"column":null}}},"2":{"name":"getGameById","decl":{"start":{"line":18,"column":15},"end":{"line":18,"column":26}},"loc":{"start":{"line":18,"column":37},"end":{"line":22,"column":null}}},"3":{"name":"postFinishGame","decl":{"start":{"line":24,"column":15},"end":{"line":24,"column":29}},"loc":{"start":{"line":24,"column":58},"end":{"line":56,"column":null}}},"4":{"name":"(anonymous_16)","decl":{"start":{"line":35,"column":17},"end":{"line":35,"column":18}},"loc":{"start":{"line":35,"column":25},"end":{"line":42,"column":5}}},"5":{"name":"(anonymous_17)","decl":{"start":{"line":46,"column":17},"end":{"line":46,"column":18}},"loc":{"start":{"line":46,"column":25},"end":{"line":53,"column":5}}}},"branchMap":{"0":{"loc":{"start":{"line":14,"column":4},"end":{"line":14,"column":null}},"type":"if","locations":[{"start":{"line":14,"column":4},"end":{"line":14,"column":null}}]},"1":{"loc":{"start":{"line":20,"column":4},"end":{"line":20,"column":null}},"type":"if","locations":[{"start":{"line":20,"column":4},"end":{"line":20,"column":null}}]},"2":{"loc":{"start":{"line":27,"column":4},"end":{"line":27,"column":null}},"type":"if","locations":[{"start":{"line":27,"column":4},"end":{"line":27,"column":null}}]},"3":{"loc":{"start":{"line":28,"column":4},"end":{"line":28,"column":null}},"type":"if","locations":[{"start":{"line":28,"column":4},"end":{"line":28,"column":null}}]},"4":{"loc":{"start":{"line":37,"column":8},"end":{"line":41,"column":null}},"type":"if","locations":[{"start":{"line":37,"column":8},"end":{"line":41,"column":null}},{"start":{"line":39,"column":15},"end":{"line":41,"column":null}}]},"5":{"loc":{"start":{"line":37,"column":11},"end":{"line":37,"column":93}},"type":"binary-expr","locations":[{"start":{"line":37,"column":11},"end":{"line":37,"column":50}},{"start":{"line":37,"column":54},"end":{"line":37,"column":93}}]},"6":{"loc":{"start":{"line":47,"column":8},"end":{"line":52,"column":null}},"type":"if","locations":[{"start":{"line":47,"column":8},"end":{"line":52,"column":null}}]},"7":{"loc":{"start":{"line":47,"column":11},"end":{"line":47,"column":93}},"type":"binary-expr","locations":[{"start":{"line":47,"column":11},"end":{"line":47,"column":50}},{"start":{"line":47,"column":54},"end":{"line":47,"column":93}}]}},"s":{"0":3,"1":3,"2":3,"3":3,"4":1,"5":2,"6":2,"7":1,"8":1,"9":2,"10":2,"11":1,"12":1,"13":0,"14":0,"15":0,"16":0,"17":0,"18":0,"19":0,"20":0,"21":0,"22":0,"23":0,"24":0,"25":0,"26":0,"27":0,"28":0,"29":0,"30":0,"31":0,"32":0,"33":3,"34":3},"f":{"0":1,"1":2,"2":2,"3":0,"4":0,"5":0},"b":{"0":[1],"1":[1],"2":[0],"3":[0],"4":[0,0],"5":[0,0],"6":[0],"7":[0,0]}}
,"/home/gabriel/Desktop/projeto27/src/services/participantsService.ts": {"path":"/home/gabriel/Desktop/projeto27/src/services/participantsService.ts","statementMap":{"0":{"start":{"line":2,"column":0},"end":{"line":2,"column":80}},"1":{"start":{"line":3,"column":0},"end":{"line":3,"column":52}},"2":{"start":{"line":6,"column":5},"end":{"line":6,"column":null}},"3":{"start":{"line":10,"column":25},"end":{"line":10,"column":73}},"4":{"start":{"line":11,"column":4},"end":{"line":11,"column":null}},"5":{"start":{"line":11,"column":35},"end":{"line":11,"column":null}},"6":{"start":{"line":12,"column":4},"end":{"line":12,"column":null}},"7":{"start":{"line":15,"column":28},"end":{"line":18,"column":null}},"8":{"start":{"line":20,"column":0},"end":{"line":20,"column":null}}},"fnMap":{"0":{"name":"postParticipant","decl":{"start":{"line":5,"column":15},"end":{"line":5,"column":30}},"loc":{"start":{"line":5,"column":54},"end":{"line":7,"column":null}}},"1":{"name":"getParticipants","decl":{"start":{"line":9,"column":15},"end":{"line":9,"column":30}},"loc":{"start":{"line":9,"column":30},"end":{"line":13,"column":null}}}},"branchMap":{"0":{"loc":{"start":{"line":11,"column":4},"end":{"line":11,"column":null}},"type":"if","locations":[{"start":{"line":11,"column":4},"end":{"line":11,"column":null}}]}},"s":{"0":3,"1":3,"2":1,"3":2,"4":2,"5":1,"6":1,"7":3,"8":3},"f":{"0":1,"1":2},"b":{"0":[1]}}
,"/home/gabriel/Desktop/projeto27/src/utils/errors.ts": {"path":"/home/gabriel/Desktop/projeto27/src/utils/errors.ts","statementMap":{"0":{"start":{"line":2,"column":4},"end":{"line":6,"column":null}},"1":{"start":{"line":1,"column":0},"end":{"line":1,"column":16}},"2":{"start":{"line":10,"column":4},"end":{"line":14,"column":null}},"3":{"start":{"line":9,"column":0},"end":{"line":9,"column":16}},"4":{"start":{"line":18,"column":4},"end":{"line":22,"column":null}},"5":{"start":{"line":17,"column":0},"end":{"line":17,"column":16}},"6":{"start":{"line":26,"column":4},"end":{"line":30,"column":null}},"7":{"start":{"line":25,"column":0},"end":{"line":25,"column":16}}},"fnMap":{"0":{"name":"notFoundException","decl":{"start":{"line":1,"column":16},"end":{"line":1,"column":33}},"loc":{"start":{"line":1,"column":50},"end":{"line":7,"column":1}}},"1":{"name":"forbiddenException","decl":{"start":{"line":9,"column":16},"end":{"line":9,"column":34}},"loc":{"start":{"line":9,"column":51},"end":{"line":15,"column":1}}},"2":{"name":"balanceRequired","decl":{"start":{"line":17,"column":16},"end":{"line":17,"column":31}},"loc":{"start":{"line":17,"column":48},"end":{"line":23,"column":1}}},"3":{"name":"invalidRequestException","decl":{"start":{"line":25,"column":16},"end":{"line":25,"column":39}},"loc":{"start":{"line":25,"column":56},"end":{"line":31,"column":1}}}},"branchMap":{"0":{"loc":{"start":{"line":5,"column":17},"end":{"line":5,"column":40}},"type":"binary-expr","locations":[{"start":{"line":5,"column":17},"end":{"line":5,"column":24}},{"start":{"line":5,"column":28},"end":{"line":5,"column":40}}]},"1":{"loc":{"start":{"line":13,"column":17},"end":{"line":13,"column":40}},"type":"binary-expr","locations":[{"start":{"line":13,"column":17},"end":{"line":13,"column":24}},{"start":{"line":13,"column":28},"end":{"line":13,"column":40}}]},"2":{"loc":{"start":{"line":21,"column":17},"end":{"line":21,"column":48}},"type":"binary-expr","locations":[{"start":{"line":21,"column":17},"end":{"line":21,"column":24}},{"start":{"line":21,"column":28},"end":{"line":21,"column":48}}]},"3":{"loc":{"start":{"line":29,"column":17},"end":{"line":29,"column":44}},"type":"binary-expr","locations":[{"start":{"line":29,"column":17},"end":{"line":29,"column":24}},{"start":{"line":29,"column":28},"end":{"line":29,"column":44}}]}},"s":{"0":5,"1":3,"2":1,"3":3,"4":1,"5":3,"6":1,"7":3},"f":{"0":5,"1":1,"2":1,"3":1},"b":{"0":[5,0],"1":[1,0],"2":[1,1],"3":[1,1]}}
,"/home/gabriel/Desktop/projeto27/tests/factories/applicationFactories.ts": {"path":"/home/gabriel/Desktop/projeto27/tests/factories/applicationFactories.ts","statementMap":{"0":{"start":{"line":1,"column":0},"end":{"line":1,"column":40}},"1":{"start":{"line":2,"column":0},"end":{"line":2,"column":42}},"2":{"start":{"line":6,"column":4},"end":{"line":11,"column":null}},"3":{"start":{"line":7,"column":8},"end":{"line":10,"column":null}},"4":{"start":{"line":13,"column":4},"end":{"line":16,"column":null}},"5":{"start":{"line":4,"column":0},"end":{"line":4,"column":16}},"6":{"start":{"line":21,"column":4},"end":{"line":23,"column":null}},"7":{"start":{"line":20,"column":0},"end":{"line":20,"column":22}},"8":{"start":{"line":27,"column":4},"end":{"line":30,"column":null}},"9":{"start":{"line":26,"column":0},"end":{"line":26,"column":16}},"10":{"start":{"line":34,"column":4},"end":{"line":36,"column":null}},"11":{"start":{"line":33,"column":0},"end":{"line":33,"column":22}},"12":{"start":{"line":40,"column":4},"end":{"line":42,"column":null}},"13":{"start":{"line":39,"column":0},"end":{"line":39,"column":22}},"14":{"start":{"line":46,"column":4},"end":{"line":52,"column":null}},"15":{"start":{"line":45,"column":0},"end":{"line":45,"column":17}}},"fnMap":{"0":{"name":"createParticipant","decl":{"start":{"line":4,"column":16},"end":{"line":4,"column":33}},"loc":{"start":{"line":4,"column":55},"end":{"line":18,"column":1}}},"1":{"name":"insertParticipant","decl":{"start":{"line":20,"column":22},"end":{"line":20,"column":39}},"loc":{"start":{"line":20,"column":39},"end":{"line":24,"column":null}}},"2":{"name":"createGame","decl":{"start":{"line":26,"column":16},"end":{"line":26,"column":26}},"loc":{"start":{"line":26,"column":26},"end":{"line":31,"column":1}}},"3":{"name":"insertGame","decl":{"start":{"line":33,"column":22},"end":{"line":33,"column":32}},"loc":{"start":{"line":33,"column":32},"end":{"line":37,"column":null}}},"4":{"name":"insertFinishedGame","decl":{"start":{"line":39,"column":22},"end":{"line":39,"column":40}},"loc":{"start":{"line":39,"column":40},"end":{"line":43,"column":null}}},"5":{"name":"createBet","decl":{"start":{"line":45,"column":17},"end":{"line":45,"column":26}},"loc":{"start":{"line":45,"column":82},"end":{"line":53,"column":1}}}},"branchMap":{"0":{"loc":{"start":{"line":4,"column":34},"end":{"line":4,"column":55}},"type":"default-arg","locations":[{"start":{"line":4,"column":51},"end":{"line":4,"column":55}}]},"1":{"loc":{"start":{"line":6,"column":4},"end":{"line":11,"column":null}},"type":"if","locations":[{"start":{"line":6,"column":4},"end":{"line":11,"column":null}}]}},"s":{"0":3,"1":3,"2":7,"3":6,"4":1,"5":3,"6":5,"7":3,"8":8,"9":3,"10":6,"11":3,"12":1,"13":3,"14":5,"15":3},"f":{"0":7,"1":5,"2":8,"3":6,"4":1,"5":5},"b":{"0":[6],"1":[6]}}
,"/home/gabriel/Desktop/projeto27/tests/helpers/cleanUpDb.ts": {"path":"/home/gabriel/Desktop/projeto27/tests/helpers/cleanUpDb.ts","statementMap":{"0":{"start":{"line":1,"column":0},"end":{"line":1,"column":42}},"1":{"start":{"line":4,"column":4},"end":{"line":4,"column":null}},"2":{"start":{"line":5,"column":4},"end":{"line":5,"column":null}},"3":{"start":{"line":6,"column":4},"end":{"line":6,"column":null}},"4":{"start":{"line":3,"column":0},"end":{"line":3,"column":22}}},"fnMap":{"0":{"name":"cleanUpDb","decl":{"start":{"line":3,"column":22},"end":{"line":3,"column":31}},"loc":{"start":{"line":3,"column":31},"end":{"line":7,"column":null}}}},"branchMap":{},"s":{"0":3,"1":17,"2":17,"3":17,"4":3},"f":{"0":17},"b":{}}
,"/home/gabriel/Desktop/projeto27/tests/helpers/httpsMaps.ts": {"path":"/home/gabriel/Desktop/projeto27/tests/helpers/httpsMaps.ts","statementMap":{"0":{"start":{"line":1,"column":20},"end":{"line":7,"column":null}},"1":{"start":{"line":9,"column":0},"end":{"line":9,"column":null}}},"fnMap":{},"branchMap":{},"s":{"0":3,"1":3},"f":{},"b":{}}
}
