TN:
SF:src/app.ts
FN:12,(anonymous_1)
FNF:1
FNH:0
FNDA:0,(anonymous_1)
DA:1,2
DA:2,2
DA:3,2
DA:4,2
DA:5,2
DA:6,2
DA:7,2
DA:9,2
DA:10,2
DA:11,2
DA:12,2
DA:13,2
DA:14,2
DA:15,2
DA:16,2
DA:17,2
LF:16
LH:16
BRF:0
BRH:0
end_of_record
TN:
SF:src/config/db.ts
FN:4,connectDb
FN:8,disconnectDB
FNF:2
FNH:1
FNDA:2,connectDb
FNDA:0,disconnectDB
DA:1,2
DA:4,2
DA:5,2
DA:8,2
DA:9,0
LF:5
LH:4
BRDA:9,0,0,0
BRDA:9,0,1,0
BRDA:9,1,0,0
BRDA:9,1,1,0
BRF:4
BRH:0
end_of_record
TN:
SF:src/controllers/betsControllers.ts
FN:5,postBet
FNF:1
FNH:0
FNDA:0,postBet
DA:2,2
DA:5,2
DA:6,0
DA:7,0
DA:8,0
LF:5
LH:2
BRF:0
BRH:0
end_of_record
TN:
SF:src/controllers/gamesControllers.ts
FN:6,PostGame
FN:13,getGame
FN:18,getGameById
FN:25,postFinishGame
FNF:4
FNH:3
FNDA:1,PostGame
FNDA:2,getGame
FNDA:2,getGameById
FNDA:0,postFinishGame
DA:3,2
DA:4,2
DA:6,2
DA:7,1
DA:8,1
DA:9,1
DA:13,2
DA:14,2
DA:15,1
DA:18,2
DA:19,2
DA:20,2
DA:21,2
DA:22,1
DA:25,2
DA:26,0
DA:27,0
DA:28,0
DA:29,0
DA:30,0
LF:20
LH:15
BRDA:20,0,0,0
BRDA:28,1,0,0
BRF:2
BRH:0
end_of_record
TN:
SF:src/controllers/participantsControllers.ts
FN:5,postParticipants
FN:13,getParticipants
FNF:2
FNH:2
FNDA:2,postParticipants
FNDA:2,getParticipants
DA:3,2
DA:5,2
DA:6,2
DA:7,2
DA:8,1
DA:9,1
DA:13,2
DA:15,2
DA:16,1
LF:9
LH:9
BRDA:7,0,0,1
BRF:1
BRH:1
end_of_record
TN:
SF:src/middlewares/errorHandler.ts
FN:3,handleApplicationErrors
FNF:1
FNH:1
FNDA:3,handleApplicationErrors
DA:3,2
DA:4,3
DA:5,3
DA:6,0
LF:4
LH:3
BRDA:5,0,0,3
BRDA:5,1,0,0
BRDA:5,1,1,3
BRDA:5,2,0,3
BRDA:5,2,1,3
BRF:5
BRH:4
end_of_record
TN:
SF:src/middlewares/validateBody.ts
FN:3,validateBody
FN:4,(anonymous_1)
FNF:2
FNH:2
FNDA:8,validateBody
FNDA:5,(anonymous_1)
DA:3,2
DA:4,8
DA:5,5
DA:6,5
DA:7,2
DA:9,3
LF:6
LH:6
BRDA:6,0,0,2
BRF:1
BRH:1
end_of_record
TN:
SF:src/repositories/betsRepositories.ts
FN:5,postBet
FN:6,(anonymous_8)
FN:6,(anonymous_9)
FNF:3
FNH:0
FNDA:0,postBet
FNDA:0,(anonymous_8)
FNDA:0,(anonymous_9)
DA:2,2
DA:3,2
DA:6,0
DA:7,0
DA:8,0
DA:9,0
DA:10,0
DA:12,0
DA:14,0
DA:16,0
DA:21,0
DA:27,2
DA:31,2
LF:13
LH:4
BRDA:8,0,0,0
BRDA:10,1,0,0
BRDA:12,2,0,0
BRDA:14,3,0,0
BRF:4
BRH:0
end_of_record
TN:
SF:src/repositories/gamesRepositories.ts
FN:5,postGames
FN:11,getGames
FN:15,getGamesById
FN:22,postFinishGame
FN:41,(anonymous_4)
FNF:5
FNH:3
FNDA:1,postGames
FNDA:2,getGames
FNDA:2,getGamesById
FNDA:0,postFinishGame
FNDA:0,(anonymous_4)
DA:2,2
DA:6,1
DA:12,2
DA:16,2
DA:23,0
DA:24,0
DA:33,0
DA:41,0
DA:42,0
DA:51,0
DA:54,2
DA:61,2
LF:12
LH:6
BRF:0
BRH:0
end_of_record
TN:
SF:src/repositories/participantsRepositories.ts
FN:4,postParticipant
FN:10,getParticipants
FNF:2
FNH:2
FNDA:1,postParticipant
FNDA:2,getParticipants
DA:2,2
DA:5,1
DA:11,2
DA:14,2
DA:19,2
LF:5
LH:5
BRF:0
BRH:0
end_of_record
TN:
SF:src/routes/betsRoutes.ts
FNF:0
FNH:0
DA:1,2
DA:2,2
DA:3,2
DA:4,2
DA:6,2
DA:8,2
DA:11,2
LF:7
LH:7
BRF:0
BRH:0
end_of_record
TN:
SF:src/routes/gamesRoutes.ts
FNF:0
FNH:0
DA:1,2
DA:2,2
DA:3,2
DA:4,2
DA:7,2
DA:9,2
DA:15,2
LF:7
LH:7
BRF:0
BRH:0
end_of_record
TN:
SF:src/routes/participantsRoutes.ts
FNF:0
FNH:0
DA:1,2
DA:2,2
DA:3,2
DA:4,2
DA:6,2
DA:7,2
DA:10,2
LF:7
LH:7
BRF:0
BRH:0
end_of_record
TN:
SF:src/schemas/BetSchema.ts
FNF:0
FNH:0
DA:1,2
DA:4,2
LF:2
LH:2
BRF:0
BRH:0
end_of_record
TN:
SF:src/schemas/ParticipantsSchema.ts
FNF:0
FNH:0
DA:1,2
DA:4,2
LF:2
LH:2
BRF:0
BRH:0
end_of_record
TN:
SF:src/schemas/gamesSchema.ts
FNF:0
FNH:0
DA:1,2
DA:4,2
DA:9,2
LF:3
LH:3
BRF:0
BRH:0
end_of_record
TN:
SF:src/services/betsService.ts
FN:4,postBet
FNF:1
FNH:0
FNDA:0,postBet
DA:2,2
DA:5,0
DA:8,2
DA:12,2
LF:4
LH:3
BRF:0
BRH:0
end_of_record
TN:
SF:src/services/gamesService.ts
FN:8,PostGame
FN:12,getGame
FN:18,getGameById
FN:24,postFinishGame
FN:35,(anonymous_16)
FN:46,(anonymous_17)
FNF:6
FNH:3
FNDA:1,PostGame
FNDA:2,getGame
FNDA:2,getGameById
FNDA:0,postFinishGame
FNDA:0,(anonymous_16)
FNDA:0,(anonymous_17)
DA:1,2
DA:2,2
DA:4,2
DA:6,2
DA:9,1
DA:13,2
DA:14,2
DA:15,1
DA:19,2
DA:20,2
DA:21,1
DA:25,0
DA:27,0
DA:28,0
DA:29,0
DA:31,0
DA:32,0
DA:33,0
DA:35,0
DA:36,0
DA:37,0
DA:38,0
DA:40,0
DA:43,0
DA:45,0
DA:46,0
DA:47,0
DA:48,0
DA:55,0
DA:58,2
DA:65,2
LF:31
LH:13
BRDA:14,0,0,1
BRDA:20,1,0,1
BRDA:27,2,0,0
BRDA:28,3,0,0
BRDA:37,4,0,0
BRDA:37,4,1,0
BRDA:37,5,0,0
BRDA:37,5,1,0
BRDA:47,6,0,0
BRDA:47,7,0,0
BRDA:47,7,1,0
BRF:11
BRH:2
end_of_record
TN:
SF:src/services/participantsService.ts
FN:5,postParticipant
FN:9,getParticipants
FNF:2
FNH:2
FNDA:1,postParticipant
FNDA:2,getParticipants
DA:2,2
DA:3,2
DA:6,1
DA:10,2
DA:11,2
DA:12,1
DA:15,2
DA:20,2
LF:8
LH:8
BRDA:11,0,0,1
BRF:1
BRH:1
end_of_record
TN:
SF:src/utils/errors.ts
FN:1,notFoundException
FN:9,forbiddenException
FN:17,balanceRequired
FN:25,invalidRequestException
FNF:4
FNH:1
FNDA:3,notFoundException
FNDA:0,forbiddenException
FNDA:0,balanceRequired
FNDA:0,invalidRequestException
DA:1,2
DA:2,3
DA:9,2
DA:10,0
DA:17,2
DA:18,0
DA:25,2
DA:26,0
LF:8
LH:5
BRDA:5,0,0,3
BRDA:5,0,1,0
BRDA:13,1,0,0
BRDA:13,1,1,0
BRDA:21,2,0,0
BRDA:21,2,1,0
BRDA:29,3,0,0
BRDA:29,3,1,0
BRF:8
BRH:1
end_of_record
TN:
SF:tests/factories/applicationFactories.ts
FN:4,createParticipant
FN:20,insertParticipant
FN:26,createGame
FN:33,insertGame
FNF:4
FNH:4
FNDA:3,createParticipant
FNDA:1,insertParticipant
FNDA:4,createGame
FNDA:3,insertGame
DA:1,2
DA:2,2
DA:4,2
DA:6,3
DA:7,2
DA:13,1
DA:20,2
DA:21,1
DA:26,2
DA:27,4
DA:33,2
DA:34,3
LF:12
LH:12
BRDA:4,0,0,2
BRDA:6,1,0,2
BRF:2
BRH:2
end_of_record
TN:
SF:tests/helpers/cleanUpDb.ts
FN:3,cleanUpDb
FNF:1
FNH:1
FNDA:11,cleanUpDb
DA:1,2
DA:3,2
DA:4,11
DA:5,11
DA:6,11
LF:5
LH:5
BRF:0
BRH:0
end_of_record
TN:
SF:tests/helpers/httpsMaps.ts
FNF:0
FNH:0
DA:1,2
DA:8,2
LF:2
LH:2
BRF:0
BRH:0
end_of_record
