TN:
SF:src/app.ts
FN:12,(anonymous_1)
FNF:1
FNH:0
FNDA:0,(anonymous_1)
DA:1,3
DA:2,3
DA:3,3
DA:4,3
DA:5,3
DA:6,3
DA:7,3
DA:9,3
DA:10,3
DA:11,3
DA:12,3
DA:13,3
DA:14,3
DA:15,3
DA:16,3
DA:17,3
LF:16
LH:16
BRF:0
BRH:0
end_of_record
TN:
SF:src/config/db.ts
FN:4,connectDb
FNF:1
FNH:1
FNDA:3,connectDb
DA:1,3
DA:4,3
DA:5,3
LF:3
LH:3
BRF:0
BRH:0
end_of_record
TN:
SF:src/controllers/betsControllers.ts
FN:5,postBet
FNF:1
FNH:1
FNDA:5,postBet
DA:2,3
DA:5,3
DA:6,5
DA:7,5
DA:8,1
LF:5
LH:5
BRF:0
BRH:0
end_of_record
TN:
SF:src/controllers/gamesControllers.ts
FN:6,PostGame
FN:13,getGame
FN:18,getGameById
FN:25,postFinishGame
FNF:4
FNH:4
FNDA:1,PostGame
FNDA:2,getGame
FNDA:3,getGameById
FNDA:4,postFinishGame
DA:3,3
DA:4,3
DA:6,3
DA:7,1
DA:8,1
DA:9,1
DA:13,3
DA:14,2
DA:15,1
DA:18,3
DA:19,3
DA:20,3
DA:21,2
DA:22,1
DA:25,3
DA:26,4
DA:27,4
DA:28,4
DA:29,3
DA:30,1
LF:20
LH:20
BRDA:20,0,0,1
BRDA:28,1,0,1
BRF:2
BRH:2
end_of_record
TN:
SF:src/controllers/participantsControllers.ts
FN:5,postParticipants
FN:13,getParticipants
FNF:2
FNH:2
FNDA:2,postParticipants
FNDA:2,getParticipants
DA:3,3
DA:5,3
DA:6,2
DA:7,2
DA:8,1
DA:9,1
DA:13,3
DA:15,2
DA:16,1
LF:9
LH:9
BRDA:7,0,0,1
BRF:1
BRH:1
end_of_record
TN:
SF:src/middlewares/errorHandler.ts
FN:3,handleApplicationErrors
FNF:1
FNH:1
FNDA:11,handleApplicationErrors
DA:3,3
DA:4,11
DA:5,11
DA:6,0
LF:4
LH:3
BRDA:5,0,0,11
BRDA:5,1,0,0
BRDA:5,1,1,11
BRDA:5,2,0,11
BRDA:5,2,1,11
BRF:5
BRH:4
end_of_record
TN:
SF:src/middlewares/validateBody.ts
FN:3,validateBody
FN:4,(anonymous_1)
FNF:2
FNH:2
FNDA:12,validateBody
FNDA:14,(anonymous_1)
DA:3,3
DA:4,12
DA:5,14
DA:6,14
DA:7,2
DA:9,12
LF:6
LH:6
BRDA:6,0,0,2
BRF:1
BRH:1
end_of_record
TN:
SF:src/repositories/betsRepositories.ts
FN:5,postBet
FN:6,(anonymous_8)
FN:6,(anonymous_9)
FNF:3
FNH:3
FNDA:5,postBet
FNDA:5,(anonymous_8)
FNDA:5,(anonymous_9)
DA:2,3
DA:3,3
DA:6,5
DA:7,5
DA:8,5
DA:9,4
DA:10,4
DA:12,3
DA:14,2
DA:16,1
DA:21,1
DA:27,3
DA:31,3
LF:13
LH:13
BRDA:8,0,0,1
BRDA:10,1,0,1
BRDA:12,2,0,1
BRDA:14,3,0,1
BRF:4
BRH:4
end_of_record
TN:
SF:src/repositories/gamesRepositories.ts
FN:5,postGames
FN:11,getGames
FN:15,getGamesById
FN:22,postFinishGame
FN:41,(anonymous_4)
FNF:5
FNH:4
FNDA:1,postGames
FNDA:2,getGames
FNDA:5,getGamesById
FNDA:1,postFinishGame
FNDA:0,(anonymous_4)
DA:2,3
DA:6,1
DA:12,2
DA:16,5
DA:23,1
DA:24,1
DA:33,1
DA:41,1
DA:42,0
DA:51,1
DA:54,3
DA:61,3
LF:12
LH:11
BRF:0
BRH:0
end_of_record
TN:
SF:src/repositories/participantsRepositories.ts
FN:4,postParticipant
FN:10,getParticipants
FNF:2
FNH:2
FNDA:1,postParticipant
FNDA:2,getParticipants
DA:2,3
DA:5,1
DA:11,2
DA:14,3
DA:19,3
LF:5
LH:5
BRF:0
BRH:0
end_of_record
TN:
SF:src/routes/betsRoutes.ts
FNF:0
FNH:0
DA:1,3
DA:2,3
DA:3,3
DA:4,3
DA:6,3
DA:8,3
DA:11,3
LF:7
LH:7
BRF:0
BRH:0
end_of_record
TN:
SF:src/routes/gamesRoutes.ts
FNF:0
FNH:0
DA:1,3
DA:2,3
DA:3,3
DA:4,3
DA:7,3
DA:9,3
DA:15,3
LF:7
LH:7
BRF:0
BRH:0
end_of_record
TN:
SF:src/routes/participantsRoutes.ts
FNF:0
FNH:0
DA:1,3
DA:2,3
DA:3,3
DA:4,3
DA:6,3
DA:7,3
DA:10,3
LF:7
LH:7
BRF:0
BRH:0
end_of_record
TN:
SF:src/schemas/BetSchema.ts
FNF:0
FNH:0
DA:1,3
DA:4,3
LF:2
LH:2
BRF:0
BRH:0
end_of_record
TN:
SF:src/schemas/ParticipantsSchema.ts
FNF:0
FNH:0
DA:1,3
DA:4,3
LF:2
LH:2
BRF:0
BRH:0
end_of_record
TN:
SF:src/schemas/gamesSchema.ts
FNF:0
FNH:0
DA:1,3
DA:4,3
DA:9,3
LF:3
LH:3
BRF:0
BRH:0
end_of_record
TN:
SF:src/services/betsService.ts
FN:4,postBet
FNF:1
FNH:1
FNDA:5,postBet
DA:2,3
DA:5,5
DA:8,3
DA:12,3
LF:4
LH:4
BRF:0
BRH:0
end_of_record
TN:
SF:src/services/gamesService.ts
FN:8,PostGame
FN:12,getGame
FN:18,getGameById
FN:24,postFinishGame
FN:35,(anonymous_16)
FN:46,(anonymous_17)
FNF:6
FNH:4
FNDA:1,PostGame
FNDA:2,getGame
FNDA:5,getGameById
FNDA:3,postFinishGame
FNDA:0,(anonymous_16)
FNDA:0,(anonymous_17)
DA:1,3
DA:2,3
DA:4,3
DA:6,3
DA:9,1
DA:13,2
DA:14,2
DA:15,1
DA:19,5
DA:20,5
DA:21,3
DA:25,3
DA:27,2
DA:28,2
DA:29,1
DA:31,1
DA:32,1
DA:33,1
DA:35,1
DA:36,0
DA:37,0
DA:38,0
DA:40,0
DA:43,1
DA:45,1
DA:46,1
DA:47,0
DA:48,0
DA:55,1
DA:58,3
DA:65,3
LF:31
LH:25
BRDA:14,0,0,1
BRDA:20,1,0,2
BRDA:27,2,0,0
BRDA:28,3,0,1
BRDA:37,4,0,0
BRDA:37,4,1,0
BRDA:37,5,0,0
BRDA:37,5,1,0
BRDA:47,6,0,0
BRDA:47,7,0,0
BRDA:47,7,1,0
BRF:11
BRH:3
end_of_record
TN:
SF:src/services/participantsService.ts
FN:5,postParticipant
FN:9,getParticipants
FNF:2
FNH:2
FNDA:1,postParticipant
FNDA:2,getParticipants
DA:2,3
DA:3,3
DA:6,1
DA:10,2
DA:11,2
DA:12,1
DA:15,3
DA:20,3
LF:8
LH:8
BRDA:11,0,0,1
BRF:1
BRH:1
end_of_record
TN:
SF:src/utils/errors.ts
FN:1,notFoundException
FN:9,forbiddenException
FN:17,balanceRequired
FN:25,invalidRequestException
FNF:4
FNH:4
FNDA:6,notFoundException
FNDA:1,forbiddenException
FNDA:1,balanceRequired
FNDA:3,invalidRequestException
DA:1,3
DA:2,6
DA:9,3
DA:10,1
DA:17,3
DA:18,1
DA:25,3
DA:26,3
LF:8
LH:8
BRDA:5,0,0,6
BRDA:5,0,1,0
BRDA:13,1,0,1
BRDA:13,1,1,0
BRDA:21,2,0,1
BRDA:21,2,1,1
BRDA:29,3,0,3
BRDA:29,3,1,2
BRF:8
BRH:6
end_of_record
TN:
SF:tests/factories/applicationFactories.ts
FN:4,createParticipant
FN:20,insertParticipant
FN:26,createGame
FN:33,insertGame
FN:39,insertFinishedGame
FN:45,createFinishedGame
FN:52,createBet
FNF:7
FNH:7
FNDA:7,createParticipant
FNDA:5,insertParticipant
FNDA:10,createGame
FNDA:7,insertGame
FNDA:2,insertFinishedGame
FNDA:4,createFinishedGame
FNDA:5,createBet
DA:1,3
DA:2,3
DA:4,3
DA:6,7
DA:7,6
DA:13,1
DA:20,3
DA:21,5
DA:26,3
DA:27,10
DA:33,3
DA:34,7
DA:39,3
DA:40,2
DA:45,3
DA:46,4
DA:52,3
DA:53,5
LF:18
LH:18
BRDA:4,0,0,6
BRDA:6,1,0,6
BRF:2
BRH:2
end_of_record
TN:
SF:tests/helpers/cleanUpDb.ts
FN:3,cleanUpDb
FNF:1
FNH:1
FNDA:21,cleanUpDb
DA:1,3
DA:3,3
DA:4,21
DA:5,21
DA:6,21
LF:5
LH:5
BRF:0
BRH:0
end_of_record
TN:
SF:tests/helpers/httpsMaps.ts
FNF:0
FNH:0
DA:1,3
DA:9,3
LF:2
LH:2
BRF:0
BRH:0
end_of_record
